<?xml version="1.0" encoding="UTF-8"?>
<!-- Generated by org.testng.reporters.JUnitXMLReporter -->
<testsuite hostname="Preenoss-MacBook-Pro.local" ignored="0" name="Default test" tests="2" failures="0" timestamp="04 Oct 2017 11:12:52 GMT" time="160.301" errors="0">
  <testcase name="ValidateFormAttribute" time="92.589" classname="com.the99tests.photon.tests.WorkflowTest"/>
  <testcase name="TestFunctional" time="67.682" classname="com.the99tests.photon.tests.WorkflowTest"/>
</testsuite> <!-- Default test -->
